 Process in group number            1
 No PDF is used, alpha_s(MZ) from param_card is used
 Value of alpha_s from param_card:   0.11839999999999999     
 The default order of alpha_s running is fixed to            2
 Define smin to   90601.000000000000     
 *****************************************************
 *               MadGraph/MadEvent                   *
 *        --------------------------------           *
 *          http://madgraph.hep.uiuc.edu             *
 *          http://madgraph.phys.ucl.ac.be           *
 *          http://madgraph.roma2.infn.it            *
 *        --------------------------------           *
 *                                                   *
 *          PARAMETER AND COUPLING VALUES            *
 *                                                   *
 *****************************************************

  External Params
  ---------------------------------
  
 aEWM1 =    127.90000000000001     
 mdl_Gf =    1.1663700000000000E-005
 aS =   0.11839999999999999     
 mdl_ymdo =    5.0400000000000002E-003
 mdl_ymup =    2.5500000000000002E-003
 mdl_yms =   0.10100000000000001     
 mdl_ymc =    1.2700000000000000     
 mdl_ymb =    4.7000000000000002     
 mdl_ymt =    172.00000000000000     
 mdl_yme =    5.1099999999999995E-004
 mdl_ymm =   0.10566000000000000     
 mdl_ymtau =    1.7769999999999999     
 mdl_aDM =    3.5000000000000003E-002
 mdl_gSM =    1.0000000000000000     
 mdl_MZ =    91.187600000000003     
 mdl_MDVB =    150.50000000000000     
 mdl_Me =    5.1099999999999995E-004
 mdl_MMU =   0.10566000000000000     
 mdl_MTA =    1.7769999999999999     
 mdl_MU =    2.5500000000000002E-003
 mdl_MC =    1.2700000000000000     
 mdl_MT =    172.00000000000000     
 mdl_MD =    5.0400000000000002E-003
 mdl_MS =   0.10100000000000001     
 mdl_MB =    4.7000000000000002     
 mdl_MXd =    300.00000000000000     
 mdl_MH =    125.00000000000000     
 mdl_WZ =    2.4952000000000001     
 mdl_WW =    2.0850000000000000     
 mdl_WDVB =    1.5340000000000000     
 mdl_WT =    1.5083359999999999     
 mdl_WH =    4.0699999999999998E-003
  Internal Params
  ---------------------------------
  
 mdl_sqrt__aDM =   0.18708286933869708     
 mdl_gDM =   0.66319150439565422     
 mdl_MZ__exp__2 =    8315.1783937600012     
 mdl_MZ__exp__4 =    69142191.720053151     
 mdl_sqrt__2 =    1.4142135623730951     
 mdl_MH__exp__2 =    15625.000000000000     
 mdl_complexi =                (0.0000000000000000,1.0000000000000000)
 mdl_aEW =    7.8186082877247844E-003
 mdl_MW =    79.824359746197842     
 mdl_sqrt__aEW =    8.8422894590285753E-002
 mdl_ee =   0.31345100004952897     
 mdl_MW__exp__2 =    6371.9284088904105     
 mdl_sw2 =   0.23369913342182447     
 mdl_cw =   0.87538612427783857     
 mdl_sqrt__sw2 =   0.48342438232036300     
 mdl_sw =   0.48342438232036300     
 mdl_g1 =   0.35807170271074895     
 mdl_gw =   0.64839716719502682     
 mdl_vev =    246.22056907348590     
 mdl_vev__exp__2 =    60624.568634871241     
 mdl_lam =   0.12886689630821144     
 mdl_yb =    2.6995322804122722E-002
 mdl_yc =    7.2944808428161397E-003
 mdl_ydo =    2.8948175943144366E-005
 mdl_ye =    2.9350233942354699E-006
 mdl_ym =    6.0687783137949077E-004
 mdl_ys =    5.8011225600348830E-004
 mdl_yt =   0.98791394091683138     
 mdl_ytau =    1.0206529494239589E-002
 mdl_yup =    1.4646398542662327E-005
 mdl_muH =    88.388347648318444     
 mdl_I1a11 =          (2.89481759431443664E-005,0.0000000000000000)
 mdl_I1a22 =          (5.80112256003488297E-004,0.0000000000000000)
 mdl_I1a33 =          (2.69953228041227219E-002,0.0000000000000000)
 mdl_I2a11 =          (1.46463985426623273E-005,0.0000000000000000)
 mdl_I2a22 =          (7.29448084281613968E-003,0.0000000000000000)
 mdl_I2a33 =               (0.98791394091683138,0.0000000000000000)
 mdl_I3a11 =          (1.46463985426623273E-005,0.0000000000000000)
 mdl_I3a22 =          (7.29448084281613968E-003,0.0000000000000000)
 mdl_I3a33 =               (0.98791394091683138,0.0000000000000000)
 mdl_I4a11 =          (2.89481759431443664E-005,0.0000000000000000)
 mdl_I4a22 =          (5.80112256003488297E-004,0.0000000000000000)
 mdl_I4a33 =          (2.69953228041227219E-002,0.0000000000000000)
 mdl_ee__exp__2 =    9.8251529432049817E-002
 mdl_sw__exp__2 =   0.23369913342182450     
 mdl_cw__exp__2 =   0.76630086657817542     
  Internal Params evaluated point by point
  ----------------------------------------
  
 mdl_sqrt__aS =   0.34409301068170506     
 mdl_G__exp__2 =    1.4878582807401259     
  Couplings of SMDP_UFO
  ---------------------------------
  
        GC_13 =  -0.00000E+00  -0.66319E+00

 Collider parameters:
 --------------------

 Running at e e   machine @    13000.000000000000       GeV
 PDF set = none   
 alpha_s(Mz)= 0.1184 running at 2 loops.
 alpha_s(Mz)= 0.1184 running at 2 loops.
 Renormalization scale set on event-by-event basis
 Factorization   scale set on event-by-event basis


 getting user params
Enter number of events and max and min iterations: 
 Number of events and iterations         1000           5           3
Enter desired fractional accuracy: 
 Desired fractional accuracy:   0.10000000000000001     
Enter 0 for fixed, 2 for adjustable grid: 
Suppress amplitude (0 no, 1 yes)? 
 Using suppressed amplitude.
Exact helicity sum (0 yes, n = number/event)? 
 Explicitly summing over helicities
Enter Configuration Number: 
Running Configuration Number:    1
 Not subdividing B.W.
 Attempting mappinvarients           1           4
 Completed mapping           4
 about to integrate            2        1000           5           3           2           1
 Using non-zero grid deformation.
  2 dimensions   1000 events  2 invarients  5 iterations  1 config(s),  (0.99)
 Using h-tuple random number sequence.
 Error opening grid
 Using Uniform Grid!          16
 Using uniform alpha   1.0000000000000000     
 Grid defined OK
 Set CM energy to      13000.00
 Mapping Graph           1  to config           1
Setting grid   1    0.13403E-03   1
   1   1   2
 Masses: 0.300E+03 0.300E+03 0.150E+03 0.150E+03
Using random seed offsets     1 :      1
  with seed                   24
 Ranmar initialization seeds       31059        9398
 
 ********************************************
 * You are using the DiscreteSampler module *
 *      part of the MG5_aMC framework       *
 *         Author: Valentin Hirschi         *
 ********************************************
 
  Particle       3       4
      Et >     0.0     0.0
       E >     0.0     0.0
     Eta <    -1.0    -1.0
   xqcut:      0.0     0.0
d R # 3  >    -0.0     0.0
s min # 3>     0.0     0.0
xqcutij # 3>     0.0     0.0
 alpha_s for scale    6500.0000000000000       is    7.2237696468198123E-002
 Added good helicity            1   2.6358275690553452E-007  in event            1 local:           1
 Added good helicity            2   4.2594382087774070E-004  in event            1 local:           1
 Added good helicity            3  0.14258341897508039       in event            1 local:           1
 Added good helicity            4   4.2468269429067092E-004  in event            1 local:           1
 Added good helicity            5   1.0543889458884154E-006  in event            1 local:           1
 Added good helicity            6   4.2594382087774070E-004  in event            1 local:           1
 Added good helicity            7   17.700725429771794       in event            1 local:           1
 Added good helicity            8   4.2468269429115214E-004  in event            1 local:           1
 Added good helicity            9   2.6358275690551112E-007  in event            1 local:           1
 Added good helicity           10   3.5963364756656013E-008  in event            1 local:           1
 Added good helicity           11   2.0946742858480306E-006  in event            1 local:           1
 Added good helicity           12   3.3841206735685195E-003  in event            1 local:           1
 Added good helicity           13   2.0946742858489568E-006  in event            1 local:           1
 Added good helicity           15   2.0946742858475677E-006  in event            1 local:           1
 Added good helicity           16   3.3841206735685182E-003  in event            1 local:           1
 Added good helicity           17   2.0946742858466410E-006  in event            1 local:           1
 Added good helicity           18  0.14821165547700660       in event            1 local:           1
 Added good helicity           19  0.14821165547700660       in event            1 local:           1
 Added good helicity           20   2.0946742858475677E-006  in event            1 local:           1
 Added good helicity           21   3.3841206735685195E-003  in event            1 local:           1
 Added good helicity           22   2.0946742858475677E-006  in event            1 local:           1
 Added good helicity           24   2.0946742858489568E-006  in event            1 local:           1
 Added good helicity           25   3.3841206735685195E-003  in event            1 local:           1
 Added good helicity           26   2.0946742858480306E-006  in event            1 local:           1
 Added good helicity           27   3.5963364756652228E-008  in event            1 local:           1
 Added good helicity           28   2.6358275690550244E-007  in event            1 local:           1
 Added good helicity           29   4.2468269429107446E-004  in event            1 local:           1
 Added good helicity           30   17.700725429771794       in event            1 local:           1
 Added good helicity           31   4.2594382087770953E-004  in event            1 local:           1
 Added good helicity           32   1.0543889465782056E-006  in event            1 local:           1
 Added good helicity           33   4.2468269429154148E-004  in event            1 local:           1
 Added good helicity           34  0.14258341897508039       in event            1 local:           1
 Added good helicity           35   4.2594382087775295E-004  in event            1 local:           1
 Added good helicity           36   2.6358275690552314E-007  in event            1 local:           1
 Added good helicity           14   9.6291026677377190E-007  in event            4 local:           4
 Added good helicity           23   9.6291026677377211E-007  in event            4 local:           4
 RESET CUMULATIVE VARIABLE
 RESET CUMULATIVE VARIABLE
 Iteration  1   Mean: 0.1379E+00 Abs mean: 0.1379E+00   Fluctuation:  0.272E-01   0.218E+02   100.0%
  1    0.1379E+00 0.1379E+00 +- 0.2715E-01      6.23
 Writing out events   2.7573801619856305E-005   6.2275473999340658     
 Relative summed weights:
  0.4320E+00  0.0000E+00
  0.5680E+00  0.0000E+00
 Relative number of events:
  0.5064E+00  0.0000E+00
  0.4936E+00  0.0000E+00
 Events:
         511           0
         498           0
 Iteration  2   Mean: 0.1034E+00 Abs mean: 0.1034E+00   Fluctuation:  0.105E-01   0.189E+02   100.0%
  2    0.1034E+00 0.1034E+00 +- 0.1046E-01      4.52
 Relative summed weights:
  0.4275E+00  0.0000E+00
  0.5725E+00  0.0000E+00
 Relative number of events:
  0.4925E+00  0.0000E+00
  0.5075E+00  0.0000E+00
 Events:
         985           0
        1015           0
 Iteration  3   Mean: 0.1160E+00 Abs mean: 0.1160E+00   Fluctuation:  0.444E-02   0.898E+01   100.0%
  3    0.1160E+00 0.1160E+00 +- 0.4444E-02      2.42
 Relative summed weights:
  0.5308E+00  0.0000E+00
  0.4692E+00  0.0000E+00
 Relative number of events:
  0.5082E+00  0.0000E+00
  0.4918E+00  0.0000E+00
 Events:
        2033           0
        1967           0
 Accuracy:    0.036   0.100   0.035   1.030
 Finished due to accuracy    3.5764267872313342E-002  0.10000000000000001     

 -------------------------------------------------------------------------------
 Accumulated results:   Integral =  0.1152E+00
                        Std dev  =  0.4060E-02
                       Cross sec =  0.1152E+00
             Chi**2 per DoF.     =      1.0302
 -------------------------------------------------------------------------------
 Found          381  events.
 Wrote           67  events.
 Actual xsec   0.11521054073350556     
 Correct abs xsec   0.11521054073350556     
 Event xsec   0.11521054073350558     
 Events wgts > 1:            2
 % Cross section > 1:    4.3722138236462933E-004  0.37949772614640326     
-------------------------------------------------
---------------------------
 Results Last   3 iters: Integral =   0.1152E+00
                     Abs integral =   0.1152E+00
                          Std dev =   0.4060E-02
                  Chi**2 per DoF. =      1.0035
-------------------------------------------------
---------------------------
 Status  0.10000000000000001                4           5

ls status:
events.lhe
ftn26
input_app.txt
results.dat
run1_app.log
