 Process in group number            1
 No PDF is used, alpha_s(MZ) from param_card is used
 Value of alpha_s from param_card:   0.11839999999999999     
 The default order of alpha_s running is fixed to            2
 Define smin to   100.00000000000000     
 *****************************************************
 *               MadGraph/MadEvent                   *
 *        --------------------------------           *
 *          http://madgraph.hep.uiuc.edu             *
 *          http://madgraph.phys.ucl.ac.be           *
 *          http://madgraph.roma2.infn.it            *
 *        --------------------------------           *
 *                                                   *
 *          PARAMETER AND COUPLING VALUES            *
 *                                                   *
 *****************************************************

  External Params
  ---------------------------------
  
 aEWM1 =    127.90000000000001     
 mdl_Gf =    1.1663700000000000E-005
 aS =   0.11839999999999999     
 mdl_ymdo =    5.0400000000000002E-003
 mdl_ymup =    2.5500000000000002E-003
 mdl_yms =   0.10100000000000001     
 mdl_ymc =    1.2700000000000000     
 mdl_ymb =    4.7000000000000002     
 mdl_ymt =    172.00000000000000     
 mdl_yme =    5.1099999999999995E-004
 mdl_ymm =   0.10566000000000000     
 mdl_ymtau =    1.7769999999999999     
 mdl_aDM =    2.4000000000000000E-002
 mdl_gSM =    1.0000000000000001E-005
 mdl_MZ =    91.187600000000003     
 mdl_MDVB =    5.0000000000000000     
 mdl_Me =    5.1099999999999995E-004
 mdl_MMU =   0.10566000000000000     
 mdl_MTA =    1.7769999999999999     
 mdl_MU =    2.5500000000000002E-003
 mdl_MC =    1.2700000000000000     
 mdl_MT =    172.00000000000000     
 mdl_MD =    5.0400000000000002E-003
 mdl_MS =   0.10100000000000001     
 mdl_MB =    4.7000000000000002     
 mdl_MXd =    5000.0000000000000     
 mdl_MH =    125.00000000000000     
 mdl_WZ =    2.4952000000000001     
 mdl_WW =    2.0850000000000000     
 mdl_WDVB =    1.3031009999999999E-012
 mdl_WT =    1.5083359999999999     
 mdl_WH =    4.0699999999999998E-003
  Internal Params
  ---------------------------------
  
 mdl_sqrt__aDM =   0.15491933384829668     
 mdl_gDM =   0.54917473971826136     
 mdl_MZ__exp__2 =    8315.1783937600012     
 mdl_MZ__exp__4 =    69142191.720053151     
 mdl_sqrt__2 =    1.4142135623730951     
 mdl_MH__exp__2 =    15625.000000000000     
 mdl_complexi =                (0.0000000000000000,1.0000000000000000)
 mdl_aEW =    7.8186082877247844E-003
 mdl_MW =    79.824359746197842     
 mdl_sqrt__aEW =    8.8422894590285753E-002
 mdl_ee =   0.31345100004952897     
 mdl_MW__exp__2 =    6371.9284088904105     
 mdl_sw2 =   0.23369913342182447     
 mdl_cw =   0.87538612427783857     
 mdl_sqrt__sw2 =   0.48342438232036300     
 mdl_sw =   0.48342438232036300     
 mdl_g1 =   0.35807170271074895     
 mdl_gw =   0.64839716719502682     
 mdl_vev =    246.22056907348590     
 mdl_vev__exp__2 =    60624.568634871241     
 mdl_lam =   0.12886689630821144     
 mdl_yb =    2.6995322804122722E-002
 mdl_yc =    7.2944808428161397E-003
 mdl_ydo =    2.8948175943144366E-005
 mdl_ye =    2.9350233942354699E-006
 mdl_ym =    6.0687783137949077E-004
 mdl_ys =    5.8011225600348830E-004
 mdl_yt =   0.98791394091683138     
 mdl_ytau =    1.0206529494239589E-002
 mdl_yup =    1.4646398542662327E-005
 mdl_muH =    88.388347648318444     
 mdl_I1a11 =          (2.89481759431443664E-005,0.0000000000000000)
 mdl_I1a22 =          (5.80112256003488297E-004,0.0000000000000000)
 mdl_I1a33 =          (2.69953228041227219E-002,0.0000000000000000)
 mdl_I2a11 =          (1.46463985426623273E-005,0.0000000000000000)
 mdl_I2a22 =          (7.29448084281613968E-003,0.0000000000000000)
 mdl_I2a33 =               (0.98791394091683138,0.0000000000000000)
 mdl_I3a11 =          (1.46463985426623273E-005,0.0000000000000000)
 mdl_I3a22 =          (7.29448084281613968E-003,0.0000000000000000)
 mdl_I3a33 =               (0.98791394091683138,0.0000000000000000)
 mdl_I4a11 =          (2.89481759431443664E-005,0.0000000000000000)
 mdl_I4a22 =          (5.80112256003488297E-004,0.0000000000000000)
 mdl_I4a33 =          (2.69953228041227219E-002,0.0000000000000000)
 mdl_ee__exp__2 =    9.8251529432049817E-002
 mdl_sw__exp__2 =   0.23369913342182450     
 mdl_cw__exp__2 =   0.76630086657817542     
  Internal Params evaluated point by point
  ----------------------------------------
  
 mdl_sqrt__aS =   0.34409301068170506     
 mdl_G__exp__2 =    1.4878582807401259     
  Couplings of SMDP_UFO_onlye
  ---------------------------------
  
        GC_15 =   0.00000E+00   0.31345E-05

 Collider parameters:
 --------------------

 Running at e e   machine @    10.000100000000000       GeV
 PDF set = none   
 alpha_s(Mz)= 0.1184 running at 2 loops.
 alpha_s(Mz)= 0.1184 running at 2 loops.
 Renormalization scale set on event-by-event basis
 Factorization   scale set on event-by-event basis


 getting user params
Enter number of events and max and min iterations: 
 Number of events and iterations         1000           5           3
Enter desired fractional accuracy: 
 Desired fractional accuracy:   0.10000000000000001     
Enter 0 for fixed, 2 for adjustable grid: 
Suppress amplitude (0 no, 1 yes)? 
 Using suppressed amplitude.
Exact helicity sum (0 yes, n = number/event)? 
 Explicitly summing over helicities
Enter Configuration Number: 
Running Configuration Number:    1
 Not subdividing B.W.
 Attempting mappinvarients           1           4
 Completed mapping           4
 about to integrate            2        1000           5           3           2           1
 Using non-zero grid deformation.
  2 dimensions   1000 events  2 invarients  5 iterations  1 config(s),  (0.99)
 Using h-tuple random number sequence.
 Error opening grid
 Using Uniform Grid!          16
 Using uniform alpha   1.0000000000000000     
 Grid defined OK
 Set CM energy to         10.00
 Mapping Graph           1  to config           1
Setting grid   1    0.25000E+00   1
   1   1   2
 Masses: 0.511E-03 0.511E-03 0.500E+01 0.500E+01
Using random seed offsets     1 :      1
  with seed                   24
 Ranmar initialization seeds       31059        9398
 
 ********************************************
 * You are using the DiscreteSampler module *
 *      part of the MG5_aMC framework       *
 *         Author: Valentin Hirschi         *
 ********************************************
 
  Particle       3       4
      Et >     0.0     0.0
       E >     0.0     0.0
     Eta <    -1.0    -1.0
   xqcut:      0.0     0.0
d R # 3  >    -0.0     0.0
s min # 3>     0.0     0.0
xqcutij # 3>     0.0     0.0
 alpha_s for scale    5.0000499999999999       is   0.21364551109033217     
 Added good helicity            1  0.79831404094657665       in event            1 local:           1
 Added good helicity            2   2.3364256930498550       in event            1 local:           1
 Added good helicity            3  0.93559335803482935       in event            1 local:           1
 Added good helicity            4   7.7493560410638760E-003  in event            1 local:           1
 Added good helicity            5   3.1932561637863635       in event            1 local:           1
 Added good helicity            6   2.3364256930499203       in event            1 local:           1
 Added good helicity            7   7.5861721100961708       in event            1 local:           1
 Added good helicity            8   7.7493560410675814E-003  in event            1 local:           1
 Added good helicity            9  0.79831404094660596       in event            1 local:           1
 Added good helicity           10   2.8150897340112371E-008  in event            1 local:           1
 Added good helicity           11   1.6676524854880534E-008  in event            1 local:           1
 Added good helicity           12   2.7825822886613473E-008  in event            1 local:           1
 Added good helicity           13   1.6676524854881831E-008  in event            1 local:           1
 Added good helicity           15   1.6676524854881824E-008  in event            1 local:           1
 Added good helicity           16   2.7825822886613473E-008  in event            1 local:           1
 Added good helicity           17   1.6676524854880534E-008  in event            1 local:           1
 Added good helicity           18   2.7503962659663344E-008  in event            1 local:           1
 Added good helicity           19   2.7503962659663344E-008  in event            1 local:           1
 Added good helicity           20   1.6676524854880534E-008  in event            1 local:           1
 Added good helicity           21   2.7825822886613473E-008  in event            1 local:           1
 Added good helicity           22   1.6676524854881817E-008  in event            1 local:           1
 Added good helicity           24   1.6676524854881831E-008  in event            1 local:           1
 Added good helicity           25   2.7825822886613473E-008  in event            1 local:           1
 Added good helicity           26   1.6676524854880524E-008  in event            1 local:           1
 Added good helicity           27   2.8150897340112371E-008  in event            1 local:           1
 Added good helicity           28  0.79831404094660574       in event            1 local:           1
 Added good helicity           29   7.7493560410676048E-003  in event            1 local:           1
 Added good helicity           30   7.5861721100961690       in event            1 local:           1
 Added good helicity           31   2.3364256930499199       in event            1 local:           1
 Added good helicity           32   3.1932561637863635       in event            1 local:           1
 Added good helicity           33   7.7493560410638396E-003  in event            1 local:           1
 Added good helicity           34  0.93559335803482901       in event            1 local:           1
 Added good helicity           35   2.3364256930498541       in event            1 local:           1
 Added good helicity           36  0.79831404094657676       in event            1 local:           1
 Added good helicity           14   7.4200604239564684E-008  in event            4 local:           4
 Added good helicity           23   7.4200604239564684E-008  in event            4 local:           4
 RESET CUMULATIVE VARIABLE
 RESET CUMULATIVE VARIABLE
 Iteration  1   Mean: 0.5350E-18 Abs mean: 0.5350E-18   Fluctuation:  0.353E-24   0.535E-18   100.0%
  1    0.5350E-18 0.5350E-18 +- 0.3529E-24      0.00
 Writing out events   1.0700969388439607E-022   2.0859542845303700E-005
 Relative summed weights:
  0.5064E+00  0.0000E+00
  0.4936E+00  0.0000E+00
 Relative number of events:
  0.5064E+00  0.0000E+00
  0.4936E+00  0.0000E+00
 Events:
         511           0
         498           0
 Iteration  2   Mean: 0.5348E-18 Abs mean: 0.5348E-18   Fluctuation:  0.206E-21   0.649E-18   100.0%
  2    0.5348E-18 0.5348E-18 +- 0.2058E-21      0.02
 Relative summed weights:
  0.4927E+00  0.0000E+00
  0.5073E+00  0.0000E+00
 Relative number of events:
  0.4925E+00  0.0000E+00
  0.5075E+00  0.0000E+00
 Events:
         985           0
        1015           0
 Iteration  3   Mean: 0.5333E-18 Abs mean: 0.5333E-18   Fluctuation:  0.182E-20   0.665E-18   100.0%
  3    0.5333E-18 0.5333E-18 +- 0.1824E-20      0.22
 Relative summed weights:
  0.5082E+00  0.0000E+00
  0.4918E+00  0.0000E+00
 Relative number of events:
  0.5082E+00  0.0000E+00
  0.4918E+00  0.0000E+00
 Events:
        2033           0
        1967           0
 Accuracy:    0.000   0.100   0.000   1.201
 Finished due to accuracy    7.2302089590833430E-007  0.10000000000000001     

 -------------------------------------------------------------------------------
 Accumulated results:   Integral =  0.5350E-18
                        Std dev  =  0.3529E-24
                       Cross sec =  0.5350E-18
             Chi**2 per DoF.     =      1.2014
 -------------------------------------------------------------------------------
 Found          380  events.
 Wrote          377  events.
 Actual xsec    5.3504846862258801E-019
 Correct abs xsec    5.3504846862258801E-019
 Event xsec    5.3504846862258473E-019
 Events wgts > 1:            0
 % Cross section > 1:    0.0000000000000000        0.0000000000000000     
-------------------------------------------------
---------------------------
 Results Last   3 iters: Integral =   0.5350E-18
                     Abs integral =   0.5350E-18
                          Std dev =   0.3529E-24
                  Chi**2 per DoF. =      1.2048
-------------------------------------------------
---------------------------
 Status  0.10000000000000001                4           5

ls status:
events.lhe
ftn26
input_app.txt
results.dat
run1_app.log
